#
# There is insufficient memory for the Java Runtime Environment to continue.
# Native memory allocation (malloc) failed to allocate 1139216 bytes for Chunk::new
# Possible reasons:
#   The system is out of physical RAM or swap space
#   The process is running with CompressedOops enabled, and the Java Heap may be blocking the growth of the native heap
# Possible solutions:
#   Reduce memory load on the system
#   Increase physical memory or swap space
#   Check if swap backing store is full
#   Decrease Java heap size (-Xmx/-Xms)
#   Decrease number of Java threads
#   Decrease Java thread stack sizes (-Xss)
#   Set larger code cache with -XX:ReservedCodeCacheSize=
#   JVM is running with Unscaled Compressed Oops mode in which the Java heap is
#     placed in the first 4GB address space. The Java Heap base address is the
#     maximum limit for the native heap growth. Please use -XX:HeapBaseMinAddress
#     to set the Java Heap base and to place the Java Heap above 4GB virtual address.
# This output file may be truncated or incomplete.
#
#  Out of Memory Error (allocation.cpp:389), pid=3724, tid=0x0000000000001010
#
# JRE version: OpenJDK Runtime Environment (8.0_202-b03) (build 1.8.0_202-release-1483-b03)
# Java VM: OpenJDK 64-Bit Server VM (25.202-b03 mixed mode windows-amd64 compressed oops)
# Failed to write core dump. Minidumps are not enabled by default on client versions of Windows
#

---------------  T H R E A D  ---------------

Current thread (0x0000000015e2c800):  JavaThread "C2 CompilerThread0" daemon [_thread_in_native, id=4112, stack(0x00000000174a0000,0x00000000175a0000)]

Stack: [0x00000000174a0000,0x00000000175a0000]
[error occurred during error reporting (printing stack bounds), id 0xc0000005]

Native frames: (J=compiled Java code, j=interpreted, Vv=VM code, C=native code)


Current CompileTask:
C2:6126724 13468       4       java.io.ObjectOutputStream::writeClassDesc (60 bytes)


---------------  P R O C E S S  ---------------

Java Threads: ( => current thread )
  0x000000001cd53000 JavaThread "stdout" daemon [_thread_in_native, id=7364, stack(0x00000000245b0000,0x00000000246b0000)]
  0x000000001cd56000 JavaThread "stderr" daemon [_thread_in_native, id=7196, stack(0x00000000244b0000,0x00000000245b0000)]
  0x000000001cd59800 JavaThread "stdout" daemon [_thread_in_native, id=9568, stack(0x00000000243b0000,0x00000000244b0000)]
  0x000000001cd53800 JavaThread "stderr" daemon [_thread_in_native, id=9292, stack(0x00000000242b0000,0x00000000243b0000)]
  0x000000001cd58000 JavaThread "pool-5-thread-1" [_thread_blocked, id=5720, stack(0x00000000241b0000,0x00000000242b0000)]
  0x000000001cd57800 JavaThread "Cache worker for execution history cache (C:\Users\R M\Desktop\New Drugvilla\Drugvilla\.gradle\5.1.1\executionHistory)" [_thread_blocked, id=10188, stack(0x00000000236e0000,0x00000000237e0000)]
  0x000000001bd16800 JavaThread "Cache worker for file content cache (C:\Users\R M\.gradle\caches\5.1.1\fileContent)" [_thread_blocked, id=6116, stack(0x00000000234e0000,0x00000000235e0000)]
  0x000000001bd0d800 JavaThread "Build operations Thread 4" [_thread_blocked, id=9604, stack(0x0000000020860000,0x0000000020960000)]
  0x000000001bd14800 JavaThread "Build operations Thread 3" [_thread_blocked, id=9912, stack(0x0000000020360000,0x0000000020460000)]
  0x000000001bd13800 JavaThread "Build operations Thread 2" [_thread_blocked, id=4384, stack(0x0000000020260000,0x0000000020360000)]
  0x000000001bd0c000 JavaThread "Build operations" [_thread_blocked, id=3616, stack(0x000000001fa60000,0x000000001fb60000)]
  0x000000001bd13000 JavaThread "Cache worker for cache directory md-rule (C:\Users\R M\.gradle\caches\5.1.1\md-rule)" [_thread_blocked, id=4412, stack(0x000000001f960000,0x000000001fa60000)]
  0x000000001bd0b800 JavaThread "Cache worker for cache directory md-supplier (C:\Users\R M\.gradle\caches\5.1.1\md-supplier)" [_thread_blocked, id=2716, stack(0x000000001f860000,0x000000001f960000)]
  0x000000001bd12000 JavaThread "Cache worker for file hash cache (C:\Users\R M\Desktop\New Drugvilla\Drugvilla\.gradle\5.1.1\fileHashes)" [_thread_blocked, id=6448, stack(0x000000001db60000,0x000000001dc60000)]
  0x000000001bd0a800 JavaThread "Thread-45" [_thread_blocked, id=10096, stack(0x000000001a5f0000,0x000000001a6f0000)]
  0x000000001bd10800 JavaThread "Asynchronous log dispatcher for DefaultDaemonConnection: socket connection from /127.0.0.1:49707 to /127.0.0.1:49730" [_thread_blocked, id=3020, stack(0x000000001a3f0000,0x000000001a4f0000)]
  0x000000001bd09000 JavaThread "Daemon worker Thread 3" [_thread_in_Java, id=3080, stack(0x000000001a0f0000,0x000000001a1f0000)]
  0x000000001bd10000 JavaThread "Cancel handler" [_thread_blocked, id=8068, stack(0x0000000019df0000,0x0000000019ef0000)]
  0x000000001bd0f000 JavaThread "Handler for socket connection from /127.0.0.1:49707 to /127.0.0.1:49730" [_thread_in_native, id=9972, stack(0x0000000000800000,0x0000000000900000)]
  0x000000001bd0e800 JavaThread "Daemon Thread 3" [_thread_blocked, id=9884, stack(0x0000000000700000,0x0000000000800000)]
  0x000000001bd0d000 JavaThread "Memory manager" [_thread_blocked, id=5252, stack(0x0000000000600000,0x0000000000700000)]
  0x000000001bd0a000 JavaThread "Cache worker for execution history cache (C:\Users\R M\.gradle\caches\5.1.1\executionHistory)" [_thread_blocked, id=636, stack(0x000000001fb60000,0x000000001fc60000)]
  0x00000000186b3800 JavaThread "Cache worker for journal cache (C:\Users\R M\.gradle\caches\journal-1)" [_thread_blocked, id=8440, stack(0x000000001b8c0000,0x000000001b9c0000)]
  0x00000000186b5000 JavaThread "File lock request listener" [_thread_in_native, id=8072, stack(0x000000001b7c0000,0x000000001b8c0000)]
  0x0000000019173800 JavaThread "Cache worker for file hash cache (C:\Users\R M\.gradle\caches\5.1.1\fileHashes)" [_thread_blocked, id=4400, stack(0x000000001b6c0000,0x000000001b7c0000)]
  0x0000000017b66000 JavaThread "Daemon periodic checks" [_thread_blocked, id=4612, stack(0x0000000019cf0000,0x0000000019df0000)]
  0x0000000017b46000 JavaThread "Incoming local TCP Connector on port 49707" [_thread_in_native, id=2808, stack(0x0000000019ab0000,0x0000000019bb0000)]
  0x00000000177c5000 JavaThread "Service Thread" daemon [_thread_blocked, id=4452, stack(0x0000000017ba0000,0x0000000017ca0000)]
  0x0000000015e37000 JavaThread "C1 CompilerThread2" daemon [_thread_blocked, id=5304, stack(0x00000000176a0000,0x00000000177a0000)]
  0x0000000015e30800 JavaThread "C2 CompilerThread1" daemon [_thread_blocked, id=3844, stack(0x00000000175a0000,0x00000000176a0000)]
=>0x0000000015e2c800 JavaThread "C2 CompilerThread0" daemon [_thread_in_native, id=4112, stack(0x00000000174a0000,0x00000000175a0000)]
  0x0000000015e2b000 JavaThread "Attach Listener" daemon [_thread_blocked, id=5760, stack(0x00000000173a0000,0x00000000174a0000)]
  0x0000000015e29800 JavaThread "Signal Dispatcher" daemon [_thread_blocked, id=4428, stack(0x00000000172a0000,0x00000000173a0000)]
  0x00000000024b9800 JavaThread "Finalizer" daemon [_thread_blocked, id=9176, stack(0x00000000170a0000,0x00000000171a0000)]
  0x00000000024b1000 JavaThread "Reference Handler" daemon [_thread_blocked, id=4720, stack(0x0000000016fa0000,0x00000000170a0000)]
  0x00000000023c0800 JavaThread "main" [_thread_blocked, id=1316, stack(0x00000000021c0000,0x00000000022c0000)]

Other Threads:
  0x0000000015df6000 VMThread [stack: 0x0000000016ea0000,0x0000000016fa0000] [id=8644]
  0x00000000177c9000 WatcherThread [stack: 0x0000000017ca0000,0x0000000017da0000] [id=3760]

VM state:not at safepoint (normal execution)

VM Mutex/Monitor currently owned by a thread: None

OutOfMemory and StackOverflow Exception counts:
OutOfMemoryError java_heap_errors=1

heap address: 0x00000000a0000000, size: 1536 MB, Compressed Oops mode: 32-bit
Narrow klass base: 0x0000000000000000, Narrow klass shift: 3
Compressed class space size: 1073741824 Address: 0x0000000100000000

Heap:
 PSYoungGen      total 103936K, used 31756K [0x00000000e0000000, 0x00000000e9c80000, 0x0000000100000000)
  eden space 49664K, 63% used [0x00000000e0000000,0x00000000e1f031b0,0x00000000e3080000)
  from space 54272K, 0% used [0x00000000e6780000,0x00000000e6780000,0x00000000e9c80000)
  to   space 55296K, 0% used [0x00000000e3080000,0x00000000e3080000,0x00000000e6680000)
 ParOldGen       total 149504K, used 62604K [0x00000000a0000000, 0x00000000a9200000, 0x00000000e0000000)
  object space 149504K, 41% used [0x00000000a0000000,0x00000000a3d23108,0x00000000a9200000)
 Metaspace       used 79365K, capacity 82056K, committed 83416K, reserved 1122304K
  class space    used 10363K, capacity 10965K, committed 11264K, reserved 1048576K

Card table byte_map: [0x0000000011880000,0x0000000011b90000] byte_map_base: 0x0000000011380000

Marking Bits: (ParMarkBitMap*) 0x0000000068da9f30
 Begin Bits: [0x0000000012190000, 0x0000000013990000)
 End Bits:   [0x0000000013990000, 0x0000000015190000)

Polling page: 0x0000000000960000

CodeCache: size=245760Kb used=35644Kb max_used=36055Kb free=210115Kb
 bounds [0x00000000024c0000, 0x0000000004830000, 0x00000000114c0000]
 total_blobs=11815 nmethods=10962 adapters=765
 compilation: enabled

Compilation events (10 events):
Event: 6125.386 Thread 0x0000000015e37000 nmethod 13466 0x0000000003757490 code [0x0000000003757a60, 0x000000000375b1f8]
Event: 6125.386 Thread 0x0000000015e37000 13467       3       sun.reflect.ClassFileAssembler::opc_ifnull (37 bytes)
Event: 6125.387 Thread 0x0000000015e37000 nmethod 13467 0x00000000043abf10 code [0x00000000043ac140, 0x00000000043acb38]
Event: 6125.390 Thread 0x0000000015e2c800 13468       4       java.io.ObjectOutputStream::writeClassDesc (60 bytes)
Event: 6125.392 Thread 0x0000000015e37000 13469       3       java.io.ObjectStreamClass$FieldReflectorKey::<init> (95 bytes)
Event: 6125.392 Thread 0x0000000015e30800 13470       4       java.util.AbstractList::indexOf (65 bytes)
Event: 6125.393 Thread 0x0000000015e37000 nmethod 13469 0x000000000400bb50 code [0x000000000400bd60, 0x000000000400c8c8]
Event: 6125.397 Thread 0x0000000015e30800 nmethod 13470 0x0000000003312810 code [0x00000000033129a0, 0x0000000003312c98]
Event: 6125.397 Thread 0x0000000015e30800 13471   !   4       java.io.ObjectStreamClass::lookup (335 bytes)
Event: 6125.426 Thread 0x0000000015e30800 nmethod 13471 0x0000000004369a10 code [0x0000000004369d00, 0x000000000436b540]

GC Heap History (10 events):
Event: 6031.621 GC heap before
{Heap before GC invocations=38 (full 3):
 PSYoungGen      total 94208K, used 82420K [0x00000000e0000000, 0x00000000ea300000, 0x0000000100000000)
  eden space 36352K, 100% used [0x00000000e0000000,0x00000000e2380000,0x00000000e2380000)
  from space 57856K, 79% used [0x00000000e6080000,0x00000000e8d7d1b8,0x00000000e9900000)
  to   space 62464K, 0% used [0x00000000e2380000,0x00000000e2380000,0x00000000e6080000)
 ParOldGen       total 95744K, used 69740K [0x00000000a0000000, 0x00000000a5d80000, 0x00000000e0000000)
  object space 95744K, 72% used [0x00000000a0000000,0x00000000a441b010,0x00000000a5d80000)
 Metaspace       used 77453K, capacity 80582K, committed 80728K, reserved 1120256K
  class space    used 10207K, capacity 10875K, committed 10880K, reserved 1048576K
Event: 6031.697 GC heap after
Heap after GC invocations=38 (full 3):
 PSYoungGen      total 98816K, used 32180K [0x00000000e0000000, 0x00000000ea180000, 0x0000000100000000)
  eden space 36352K, 0% used [0x00000000e0000000,0x00000000e0000000,0x00000000e2380000)
  from space 62464K, 51% used [0x00000000e2380000,0x00000000e42ed1b0,0x00000000e6080000)
  to   space 60928K, 0% used [0x00000000e6600000,0x00000000e6600000,0x00000000ea180000)
 ParOldGen       total 95744K, used 73248K [0x00000000a0000000, 0x00000000a5d80000, 0x00000000e0000000)
  object space 95744K, 76% used [0x00000000a0000000,0x00000000a4788050,0x00000000a5d80000)
 Metaspace       used 77453K, capacity 80582K, committed 80728K, reserved 1120256K
  class space    used 10207K, capacity 10875K, committed 10880K, reserved 1048576K
}
Event: 6035.681 GC heap before
{Heap before GC invocations=39 (full 3):
 PSYoungGen      total 98816K, used 68532K [0x00000000e0000000, 0x00000000ea180000, 0x0000000100000000)
  eden space 36352K, 100% used [0x00000000e0000000,0x00000000e2380000,0x00000000e2380000)
  from space 62464K, 51% used [0x00000000e2380000,0x00000000e42ed1b0,0x00000000e6080000)
  to   space 60928K, 0% used [0x00000000e6600000,0x00000000e6600000,0x00000000ea180000)
 ParOldGen       total 95744K, used 73248K [0x00000000a0000000, 0x00000000a5d80000, 0x00000000e0000000)
  object space 95744K, 76% used [0x00000000a0000000,0x00000000a4788050,0x00000000a5d80000)
 Metaspace       used 78576K, capacity 81674K, committed 82008K, reserved 1120256K
  class space    used 10340K, capacity 11041K, committed 11136K, reserved 1048576K
Event: 6035.714 GC heap after
Heap after GC invocations=39 (full 3):
 PSYoungGen      total 97280K, used 25662K [0x00000000e0000000, 0x00000000e9b00000, 0x0000000100000000)
  eden space 43008K, 0% used [0x00000000e0000000,0x00000000e0000000,0x00000000e2a00000)
  from space 54272K, 47% used [0x00000000e6600000,0x00000000e7f0fba0,0x00000000e9b00000)
  to   space 57856K, 0% used [0x00000000e2a00000,0x00000000e2a00000,0x00000000e6280000)
 ParOldGen       total 95744K, used 80663K [0x00000000a0000000, 0x00000000a5d80000, 0x00000000e0000000)
  object space 95744K, 84% used [0x00000000a0000000,0x00000000a4ec5c18,0x00000000a5d80000)
 Metaspace       used 78576K, capacity 81674K, committed 82008K, reserved 1120256K
  class space    used 10340K, capacity 11041K, committed 11136K, reserved 1048576K
}
Event: 6039.474 GC heap before
{Heap before GC invocations=40 (full 3):
 PSYoungGen      total 97280K, used 68670K [0x00000000e0000000, 0x00000000e9b00000, 0x0000000100000000)
  eden space 43008K, 100% used [0x00000000e0000000,0x00000000e2a00000,0x00000000e2a00000)
  from space 54272K, 47% used [0x00000000e6600000,0x00000000e7f0fba0,0x00000000e9b00000)
  to   space 57856K, 0% used [0x00000000e2a00000,0x00000000e2a00000,0x00000000e6280000)
 ParOldGen       total 95744K, used 80663K [0x00000000a0000000, 0x00000000a5d80000, 0x00000000e0000000)
  object space 95744K, 84% used [0x00000000a0000000,0x00000000a4ec5c18,0x00000000a5d80000)
 Metaspace       used 79468K, capacity 82532K, committed 82776K, reserved 1120256K
  class space    used 10425K, capacity 11110K, committed 11136K, reserved 1048576K
Event: 6039.498 GC heap after
Heap after GC invocations=40 (full 3):
 PSYoungGen      total 100864K, used 21163K [0x00000000e0000000, 0x00000000e9e00000, 0x0000000100000000)
  eden space 43008K, 0% used [0x00000000e0000000,0x00000000e0000000,0x00000000e2a00000)
  from space 57856K, 36% used [0x00000000e2a00000,0x00000000e3eaafd8,0x00000000e6280000)
  to   space 55808K, 0% used [0x00000000e6780000,0x00000000e6780000,0x00000000e9e00000)
 ParOldGen       total 95744K, used 84782K [0x00000000a0000000, 0x00000000a5d80000, 0x00000000e0000000)
  object space 95744K, 88% used [0x00000000a0000000,0x00000000a52cbb78,0x00000000a5d80000)
 Metaspace       used 79468K, capacity 82532K, committed 82776K, reserved 1120256K
  class space    used 10425K, capacity 11110K, committed 11136K, reserved 1048576K
}
Event: 6100.316 GC heap before
{Heap before GC invocations=41 (full 3):
 PSYoungGen      total 100864K, used 64171K [0x00000000e0000000, 0x00000000e9e00000, 0x0000000100000000)
  eden space 43008K, 100% used [0x00000000e0000000,0x00000000e2a00000,0x00000000e2a00000)
  from space 57856K, 36% used [0x00000000e2a00000,0x00000000e3eaafd8,0x00000000e6280000)
  to   space 55808K, 0% used [0x00000000e6780000,0x00000000e6780000,0x00000000e9e00000)
 ParOldGen       total 95744K, used 84782K [0x00000000a0000000, 0x00000000a5d80000, 0x00000000e0000000)
  object space 95744K, 88% used [0x00000000a0000000,0x00000000a52cbb78,0x00000000a5d80000)
 Metaspace       used 79929K, capacity 83000K, committed 83160K, reserved 1122304K
  class space    used 10471K, capacity 11178K, committed 11264K, reserved 1048576K
Event: 6100.341 GC heap after
Heap after GC invocations=41 (full 3):
 PSYoungGen      total 103936K, used 13903K [0x00000000e0000000, 0x00000000e9c80000, 0x0000000100000000)
  eden space 49664K, 0% used [0x00000000e0000000,0x00000000e0000000,0x00000000e3080000)
  from space 54272K, 25% used [0x00000000e6780000,0x00000000e7513f68,0x00000000e9c80000)
  to   space 55296K, 0% used [0x00000000e3080000,0x00000000e3080000,0x00000000e6680000)
 ParOldGen       total 99328K, used 99036K [0x00000000a0000000, 0x00000000a6100000, 0x00000000e0000000)
  object space 99328K, 99% used [0x00000000a0000000,0x00000000a60b7130,0x00000000a6100000)
 Metaspace       used 79929K, capacity 83000K, committed 83160K, reserved 1122304K
  class space    used 10471K, capacity 11178K, committed 11264K, reserved 1048576K
}
Event: 6100.341 GC heap before
{Heap before GC invocations=42 (full 4):
 PSYoungGen      total 103936K, used 13903K [0x00000000e0000000, 0x00000000e9c80000, 0x0000000100000000)
  eden space 49664K, 0% used [0x00000000e0000000,0x00000000e0000000,0x00000000e3080000)
  from space 54272K, 25% used [0x00000000e6780000,0x00000000e7513f68,0x00000000e9c80000)
  to   space 55296K, 0% used [0x00000000e3080000,0x00000000e3080000,0x00000000e6680000)
 ParOldGen       total 99328K, used 99036K [0x00000000a0000000, 0x00000000a6100000, 0x00000000e0000000)
  object space 99328K, 99% used [0x00000000a0000000,0x00000000a60b7130,0x00000000a6100000)
 Metaspace       used 79929K, capacity 83000K, committed 83160K, reserved 1122304K
  class space    used 10471K, capacity 11178K, committed 11264K, reserved 1048576K
Event: 6108.176 GC heap after
Heap after GC invocations=42 (full 4):
 PSYoungGen      total 103936K, used 0K [0x00000000e0000000, 0x00000000e9c80000, 0x0000000100000000)
  eden space 49664K, 0% used [0x00000000e0000000,0x00000000e0000000,0x00000000e3080000)
  from space 54272K, 0% used [0x00000000e6780000,0x00000000e6780000,0x00000000e9c80000)
  to   space 55296K, 0% used [0x00000000e3080000,0x00000000e3080000,0x00000000e6680000)
 ParOldGen       total 149504K, used 62604K [0x00000000a0000000, 0x00000000a9200000, 0x00000000e0000000)
  object space 149504K, 41% used [0x00000000a0000000,0x00000000a3d23108,0x00000000a9200000)
 Metaspace       used 79162K, capacity 81690K, committed 83160K, reserved 1122304K
  class space    used 10338K, capacity 10936K, committed 11264K, reserved 1048576K
}

Deoptimization events (10 events):
Event: 6112.686 Thread 0x00000000186b7800 Uncommon trap: reason=unstable_if action=reinterpret pc=0x000000000427066c method=org.gradle.internal.snapshot.impl.DirectorySnapshotter$1.isAllowed(Ljava/nio/file/Path;Ljava/lang/String;ZLjava/nio/file/attribute/BasicFileAttributes;Ljava/lang/Iterable;)Z
Event: 6113.786 Thread 0x00000000186b7800 Uncommon trap: reason=predicate action=maybe_recompile pc=0x00000000045571a0 method=java.lang.String.regionMatches(ZILjava/lang/String;II)Z @ 63
Event: 6124.118 Thread 0x00000000186b7800 Uncommon trap: reason=unloaded action=reinterpret pc=0x00000000041f56bc method=sun.nio.fs.WindowsDirectoryStream$WindowsDirectoryIterator.readNextEntry()Ljava/nio/file/Path; @ 114
Event: 6124.555 Thread 0x00000000186b7800 Uncommon trap: reason=unstable_if action=reinterpret pc=0x00000000040d83e4 method=org.gradle.execution.plan.Node.isComplete()Z @ 17
Event: 6124.560 Thread 0x000000001bd0a800 Uncommon trap: reason=array_check action=maybe_recompile pc=0x0000000004507b1c method=java.util.TimSort.binarySort([Ljava/lang/Object;IIILjava/util/Comparator;)V @ 215
Event: 6124.561 Thread 0x000000001bd09000 Uncommon trap: reason=unstable_if action=reinterpret pc=0x0000000002e6ab64 method=java.lang.StackTraceElement.equals(Ljava/lang/Object;)Z @ 32
Event: 6125.362 Thread 0x000000001bd09000 Uncommon trap: reason=unloaded action=reinterpret pc=0x0000000004059870 method=org.gradle.internal.event.AbstractBroadcastDispatch.dispatch(Lorg/gradle/internal/dispatch/MethodInvocation;Ljava/util/Iterator;)V @ 118
Event: 6125.363 Thread 0x000000001bd09000 Uncommon trap: reason=unstable_if action=reinterpret pc=0x000000000321aa20 method=java.util.regex.Matcher.appendReplacement(Ljava/lang/StringBuffer;Ljava/lang/String;)Ljava/util/regex/Matcher; @ 96
Event: 6125.363 Thread 0x000000001bd09000 Uncommon trap: reason=unloaded action=reinterpret pc=0x0000000002dc67a4 method=org.gradle.internal.event.AbstractBroadcastDispatch.dispatch(Lorg/gradle/internal/dispatch/MethodInvocation;Ljava/util/Iterator;)V @ 39
Event: 6125.380 Thread 0x000000001bd09000 Uncommon trap: reason=unstable_if action=reinterpret pc=0x0000000003f4fe58 method=org.gradle.internal.serialize.ExceptionReplacingObjectOutputStream.doReplaceObject(Ljava/lang/Object;)Ljava/lang/Object; @ 4

Classes redefined (0 events):
No events

Internal exceptions (10 events):
Event: 6015.370 Thread 0x00000000186b9000 Implicit null exception at 0x000000000454b43b to 0x000000000454c459
Event: 6035.502 Thread 0x00000000186b7800 Exception <a 'java/lang/NoSuchMethodError': <clinit>> (0x00000000e22dcaa0) thrown at [D:\src\AOSP-openjdk-cygwin\jdk8u\hotspot\src\share\vm\prims\jni.cpp, line 1614]
Event: 6036.425 Thread 0x00000000186b7800 Implicit null exception at 0x00000000041db454 to 0x00000000041db801
Event: 6111.725 Thread 0x00000000186b7800 Implicit null exception at 0x0000000003994d9c to 0x00000000039962d1
Event: 6112.025 Thread 0x00000000186b7800 Implicit null exception at 0x000000000399231c to 0x0000000003993849
Event: 6122.115 Thread 0x00000000186b7800 Exception <a 'sun/nio/fs/WindowsException'> (0x00000000e193b748) thrown at [D:\src\AOSP-openjdk-cygwin\jdk8u\hotspot\src\share\vm\prims\jni.cpp, line 710]
Event: 6124.555 Thread 0x000000001bd0a800 Exception <a 'java/lang/NoSuchMethodError': <clinit>> (0x00000000e1aeffb8) thrown at [D:\src\AOSP-openjdk-cygwin\jdk8u\hotspot\src\share\vm\prims\jni.cpp, line 1614]
Event: 6124.560 Thread 0x000000001bd0a800 Exception <a 'java/lang/NoSuchMethodError': <clinit>> (0x00000000e1aff9f0) thrown at [D:\src\AOSP-openjdk-cygwin\jdk8u\hotspot\src\share\vm\prims\jni.cpp, line 1614]
Event: 6124.566 Thread 0x000000001bd0a800 Exception <a 'java/lang/NoSuchMethodError': <clinit>> (0x00000000e1be5580) thrown at [D:\src\AOSP-openjdk-cygwin\jdk8u\hotspot\src\share\vm\prims\jni.cpp, line 1614]
Event: 6125.361 Thread 0x000000001bd09000 Exception <a 'java/lang/OutOfMemoryError': unable to create new native thread> (0x00000000e1bdb508) thrown at [D:\src\AOSP-openjdk-cygwin\jdk8u\hotspot\src\share\vm\prims\jvm.cpp, line 3147]

Events (10 events):
Event: 6125.362 Thread 0x000000001bd09000 DEOPT UNPACKING pc=0x000000000250557b sp=0x000000001a1ed0f0 mode 2
Event: 6125.363 Thread 0x000000001bd09000 Uncommon trap: trap_request=0xffffff65 fr.pc=0x000000000321aa20
Event: 6125.363 Thread 0x000000001bd09000 DEOPT PACKING pc=0x000000000321aa20 sp=0x000000001a1eceb0
Event: 6125.363 Thread 0x000000001bd09000 DEOPT UNPACKING pc=0x000000000250557b sp=0x000000001a1ece90 mode 2
Event: 6125.363 Thread 0x000000001bd09000 Uncommon trap: trap_request=0x0000001b fr.pc=0x0000000002dc67a4
Event: 6125.363 Thread 0x000000001bd09000 DEOPT PACKING pc=0x0000000002dc67a4 sp=0x000000001a1ed290
Event: 6125.363 Thread 0x000000001bd09000 DEOPT UNPACKING pc=0x000000000250557b sp=0x000000001a1ed048 mode 2
Event: 6125.380 Thread 0x000000001bd09000 Uncommon trap: trap_request=0xffffff65 fr.pc=0x0000000003f4fe58
Event: 6125.380 Thread 0x000000001bd09000 DEOPT PACKING pc=0x0000000003f4fe58 sp=0x000000001a1edd80
Event: 6125.380 Thread 0x000000001bd09000 DEOPT UNPACKING pc=0x000000000250557b sp=0x000000001a1edc90 mode 2


Dynamic libraries:
0x00007ff67ff70000 - 0x00007ff67ffa1000 	D:\Program Files\jre\bin\java.exe
0x00007ffa061c0000 - 0x00007ffa063b0000 	C:\WINDOWS\SYSTEM32\ntdll.dll
0x00007ffa04c70000 - 0x00007ffa04d22000 	C:\WINDOWS\System32\KERNEL32.DLL
0x00007ffa02d60000 - 0x00007ffa03003000 	C:\WINDOWS\System32\KERNELBASE.dll
0x00007ffa03a70000 - 0x00007ffa03b13000 	C:\WINDOWS\System32\ADVAPI32.dll
0x00007ffa04fa0000 - 0x00007ffa0503e000 	C:\WINDOWS\System32\msvcrt.dll
0x00007ffa05040000 - 0x00007ffa050d7000 	C:\WINDOWS\System32\sechost.dll
0x00007ffa05100000 - 0x00007ffa05220000 	C:\WINDOWS\System32\RPCRT4.dll
0x00007ffa04e00000 - 0x00007ffa04f94000 	C:\WINDOWS\System32\USER32.dll
0x00007ffa02d30000 - 0x00007ffa02d51000 	C:\WINDOWS\System32\win32u.dll
0x00007ffa03b20000 - 0x00007ffa03b46000 	C:\WINDOWS\System32\GDI32.dll
0x00007ffa027c0000 - 0x00007ffa02954000 	C:\WINDOWS\System32\gdi32full.dll
0x00007ffa03840000 - 0x00007ffa038de000 	C:\WINDOWS\System32\msvcp_win.dll
0x00007ffa02980000 - 0x00007ffa02a7a000 	C:\WINDOWS\System32\ucrtbase.dll
0x00007ff9faeb0000 - 0x00007ff9fb135000 	C:\WINDOWS\WinSxS\amd64_microsoft.windows.common-controls_6595b64144ccf1df_6.0.18362.418_none_e6c6b287130d565d\COMCTL32.dll
0x00007ffa05bd0000 - 0x00007ffa05f06000 	C:\WINDOWS\System32\combase.dll
0x00007ffa03010000 - 0x00007ffa03090000 	C:\WINDOWS\System32\bcryptPrimitives.dll
0x00007ffa03a40000 - 0x00007ffa03a6e000 	C:\WINDOWS\System32\IMM32.DLL
0x0000000068500000 - 0x00000000685d2000 	D:\Program Files\jre\jre\bin\msvcr100.dll
0x00000000685e0000 - 0x0000000068e26000 	D:\Program Files\jre\jre\bin\server\jvm.dll
0x00007ffa03bc0000 - 0x00007ffa03bc8000 	C:\WINDOWS\System32\PSAPI.DLL
0x00007ff9f5ad0000 - 0x00007ff9f5ad9000 	C:\WINDOWS\SYSTEM32\WSOCK32.dll
0x00007ff9fde60000 - 0x00007ff9fde6a000 	C:\WINDOWS\SYSTEM32\VERSION.dll
0x00007ff9ffcb0000 - 0x00007ff9ffcd4000 	C:\WINDOWS\SYSTEM32\WINMM.dll
0x00007ffa03d80000 - 0x00007ffa03def000 	C:\WINDOWS\System32\WS2_32.dll
0x00007ff9ff460000 - 0x00007ff9ff48d000 	C:\WINDOWS\SYSTEM32\winmmbase.dll
0x00007ffa02b90000 - 0x00007ffa02bda000 	C:\WINDOWS\System32\cfgmgr32.dll
0x00007ff9f6200000 - 0x00007ff9f620f000 	D:\Program Files\jre\jre\bin\verify.dll
0x00007ff9dd8c0000 - 0x00007ff9dd8e9000 	D:\Program Files\jre\jre\bin\java.dll
0x00007ff9e2af0000 - 0x00007ff9e2b06000 	D:\Program Files\jre\jre\bin\zip.dll
0x00007ffa05220000 - 0x00007ffa05905000 	C:\WINDOWS\System32\SHELL32.dll
0x00007ffa04b40000 - 0x00007ffa04be9000 	C:\WINDOWS\System32\shcore.dll
0x00007ffa030c0000 - 0x00007ffa0383f000 	C:\WINDOWS\System32\windows.storage.dll
0x00007ffa02710000 - 0x00007ffa0272f000 	C:\WINDOWS\System32\profapi.dll
0x00007ffa02730000 - 0x00007ffa0277a000 	C:\WINDOWS\System32\powrprof.dll
0x00007ffa02700000 - 0x00007ffa02710000 	C:\WINDOWS\System32\UMPDC.dll
0x00007ffa05980000 - 0x00007ffa059d2000 	C:\WINDOWS\System32\shlwapi.dll
0x00007ffa027a0000 - 0x00007ffa027b1000 	C:\WINDOWS\System32\kernel.appcore.dll
0x00007ffa02960000 - 0x00007ffa02977000 	C:\WINDOWS\System32\cryptsp.dll
0x00007ff9dd8a0000 - 0x00007ff9dd8ba000 	D:\Program Files\jre\jre\bin\net.dll
0x00007ffa01f10000 - 0x00007ffa01f77000 	C:\WINDOWS\system32\mswsock.dll
0x00007ff9dd5a0000 - 0x00007ff9dd5b1000 	D:\Program Files\jre\jre\bin\nio.dll
0x00007ff9eb440000 - 0x00007ff9eb45e000 	C:\Users\R M\.gradle\native\25\windows-amd64\native-platform.dll
0x00007ff9f3b90000 - 0x00007ff9f3b9d000 	D:\Program Files\jre\jre\bin\management.dll
0x00007ffa01a80000 - 0x00007ffa01ab3000 	C:\WINDOWS\system32\rsaenh.dll
0x00007ffa03090000 - 0x00007ffa030b6000 	C:\WINDOWS\System32\bcrypt.dll
0x00007ffa025f0000 - 0x00007ffa02615000 	C:\WINDOWS\SYSTEM32\USERENV.dll
0x00007ffa020e0000 - 0x00007ffa020ec000 	C:\WINDOWS\SYSTEM32\CRYPTBASE.dll
0x00007ffa01c20000 - 0x00007ffa01c5a000 	C:\WINDOWS\SYSTEM32\IPHLPAPI.DLL
0x00007ffa05970000 - 0x00007ffa05978000 	C:\WINDOWS\System32\NSI.dll
0x00007ff9fdca0000 - 0x00007ff9fdcb6000 	C:\WINDOWS\SYSTEM32\dhcpcsvc6.DLL
0x00007ff9fdbf0000 - 0x00007ff9fdc0c000 	C:\WINDOWS\SYSTEM32\dhcpcsvc.DLL
0x00007ffa01c70000 - 0x00007ffa01d3a000 	C:\WINDOWS\SYSTEM32\DNSAPI.dll
0x00007ff9fef00000 - 0x00007ff9fef24000 	D:\Program Files\jre\jre\bin\sunec.dll
0x00007ff9fb3c0000 - 0x00007ff9fb3ca000 	C:\Windows\System32\rasadhlp.dll

VM Arguments:
jvm_args: -Xmx1536m -Dfile.encoding=windows-1252 -Duser.country=US -Duser.language=en -Duser.variant 
java_command: org.gradle.launcher.daemon.bootstrap.GradleDaemon 5.1.1
java_class_path (initial): C:\Users\R M\.gradle\wrapper\dists\gradle-5.1.1-all\97z1ksx6lirer3kbvdnh7jtjg\gradle-5.1.1\lib\gradle-launcher-5.1.1.jar
Launcher Type: SUN_STANDARD

Environment Variables:
PATH=C:\WINDOWS\system32;C:\WINDOWS;C:\WINDOWS\System32\Wbem;C:\WINDOWS\System32\WindowsPowerShell\v1.0\;C:\WINDOWS\System32\OpenSSH\;C:\Program Files\Java\jdk-13.0.2\bin;C:\Users\R M\AppData\Local\Microsoft\WindowsApps;
USERNAME=R M
OS=Windows_NT
PROCESSOR_IDENTIFIER=Intel64 Family 6 Model 42 Stepping 7, GenuineIntel



---------------  S Y S T E M  ---------------

OS: Windows 10.0 , 64 bit Build 18362 (10.0.18362.329)

CPU:total 4 (initial active 4) (4 cores per cpu, 1 threads per core) family 6 model 42 stepping 7, cmov, cx8, fxsr, mmx, sse, sse2, sse3, ssse3, sse4.1, sse4.2, popcnt, avx, aes, clmul, tsc, tscinvbit

Memory: 4k page, physical 8258508k(248284k free), swap 20976496k(0k free)

vm_info: OpenJDK 64-Bit Server VM (25.202-b03) for windows-amd64 JRE (1.8.0_202-release-1483-b03), built by "builder" with MS VC++ 10.0 (VS2010)

time: Mon Feb 03 13:26:24 2020
timezone: India Standard Time
elapsed time: 6127 seconds (0d 1h 42m 7s)

